<?xml version="1.0" encoding="UTF-8"?>
<testsuite name="com.springboot.SpringBootApplication.ApplicationTests" tests="4" skipped="0" failures="0" errors="0" timestamp="2020-05-11T16:24:36" hostname="given-Latitude-5490" time="0.246">
  <properties/>
  <testcase name="removeUserTest()" classname="com.springboot.SpringBootApplication.ApplicationTests" time="0.233"/>
  <testcase name="addUserTest()" classname="com.springboot.SpringBootApplication.ApplicationTests" time="0.003"/>
  <testcase name="contextLoads()" classname="com.springboot.SpringBootApplication.ApplicationTests" time="0.002"/>
  <testcase name="getUserTest()" classname="com.springboot.SpringBootApplication.ApplicationTests" time="0.004"/>
  <system-out><![CDATA[18:24:34.767 [Test worker] DEBUG org.springframework.test.context.BootstrapUtils - Instantiating CacheAwareContextLoaderDelegate from class [org.springframework.test.context.cache.DefaultCacheAwareContextLoaderDelegate]
18:24:34.776 [Test worker] DEBUG org.springframework.test.context.BootstrapUtils - Instantiating BootstrapContext using constructor [public org.springframework.test.context.support.DefaultBootstrapContext(java.lang.Class,org.springframework.test.context.CacheAwareContextLoaderDelegate)]
18:24:34.797 [Test worker] DEBUG org.springframework.test.context.BootstrapUtils - Instantiating TestContextBootstrapper for test class [com.springboot.SpringBootApplication.ApplicationTests] from class [org.springframework.boot.test.context.SpringBootTestContextBootstrapper]
18:24:34.807 [Test worker] INFO org.springframework.boot.test.context.SpringBootTestContextBootstrapper - Neither @ContextConfiguration nor @ContextHierarchy found for test class [com.springboot.SpringBootApplication.ApplicationTests], using SpringBootContextLoader
18:24:34.810 [Test worker] DEBUG org.springframework.test.context.support.AbstractContextLoader - Did not detect default resource location for test class [com.springboot.SpringBootApplication.ApplicationTests]: class path resource [com/springboot/SpringBootApplication/ApplicationTests-context.xml] does not exist
18:24:34.811 [Test worker] DEBUG org.springframework.test.context.support.AbstractContextLoader - Did not detect default resource location for test class [com.springboot.SpringBootApplication.ApplicationTests]: class path resource [com/springboot/SpringBootApplication/ApplicationTestsContext.groovy] does not exist
18:24:34.811 [Test worker] INFO org.springframework.test.context.support.AbstractContextLoader - Could not detect default resource locations for test class [com.springboot.SpringBootApplication.ApplicationTests]: no resource found for suffixes {-context.xml, Context.groovy}.
18:24:34.812 [Test worker] INFO org.springframework.test.context.support.AnnotationConfigContextLoaderUtils - Could not detect default configuration classes for test class [com.springboot.SpringBootApplication.ApplicationTests]: ApplicationTests does not declare any static, non-private, non-final, nested classes annotated with @Configuration.
18:24:34.839 [Test worker] DEBUG org.springframework.test.context.support.ActiveProfilesUtils - Could not find an 'annotation declaring class' for annotation type [org.springframework.test.context.ActiveProfiles] and class [com.springboot.SpringBootApplication.ApplicationTests]
18:24:34.888 [Test worker] DEBUG org.springframework.context.annotation.ClassPathScanningCandidateComponentProvider - Identified candidate component class: file [/home/given/SpringBootPart1/build/classes/java/main/com/springboot/SpringBootApplication/Application.class]
18:24:34.889 [Test worker] INFO org.springframework.boot.test.context.SpringBootTestContextBootstrapper - Found @SpringBootConfiguration com.springboot.SpringBootApplication.Application for test class com.springboot.SpringBootApplication.ApplicationTests
18:24:34.947 [Test worker] DEBUG org.springframework.boot.test.context.SpringBootTestContextBootstrapper - @TestExecutionListeners is not present for class [com.springboot.SpringBootApplication.ApplicationTests]: using defaults.
18:24:34.948 [Test worker] INFO org.springframework.boot.test.context.SpringBootTestContextBootstrapper - Loaded default TestExecutionListener class names from location [META-INF/spring.factories]: [org.springframework.boot.test.autoconfigure.restdocs.RestDocsTestExecutionListener, org.springframework.boot.test.autoconfigure.web.client.MockRestServiceServerResetTestExecutionListener, org.springframework.boot.test.autoconfigure.web.servlet.MockMvcPrintOnlyOnFailureTestExecutionListener, org.springframework.boot.test.autoconfigure.web.servlet.WebDriverTestExecutionListener, org.springframework.boot.test.mock.mockito.MockitoTestExecutionListener, org.springframework.boot.test.mock.mockito.ResetMocksTestExecutionListener, org.springframework.test.context.web.ServletTestExecutionListener, org.springframework.test.context.support.DirtiesContextBeforeModesTestExecutionListener, org.springframework.test.context.support.DependencyInjectionTestExecutionListener, org.springframework.test.context.support.DirtiesContextTestExecutionListener, org.springframework.test.context.transaction.TransactionalTestExecutionListener, org.springframework.test.context.jdbc.SqlScriptsTestExecutionListener, org.springframework.test.context.event.EventPublishingTestExecutionListener]
18:24:34.954 [Test worker] DEBUG org.springframework.boot.test.context.SpringBootTestContextBootstrapper - Skipping candidate TestExecutionListener [org.springframework.test.context.transaction.TransactionalTestExecutionListener] due to a missing dependency. Specify custom listener classes or make the default listener classes and their required dependencies available. Offending class: [org/springframework/transaction/interceptor/TransactionAttributeSource]
18:24:34.955 [Test worker] DEBUG org.springframework.boot.test.context.SpringBootTestContextBootstrapper - Skipping candidate TestExecutionListener [org.springframework.test.context.jdbc.SqlScriptsTestExecutionListener] due to a missing dependency. Specify custom listener classes or make the default listener classes and their required dependencies available. Offending class: [org/springframework/transaction/interceptor/TransactionAttribute]
18:24:34.956 [Test worker] INFO org.springframework.boot.test.context.SpringBootTestContextBootstrapper - Using TestExecutionListeners: [org.springframework.test.context.web.ServletTestExecutionListener@7923a8c0, org.springframework.test.context.support.DirtiesContextBeforeModesTestExecutionListener@28e3833f, org.springframework.boot.test.mock.mockito.MockitoTestExecutionListener@43b53ca8, org.springframework.boot.test.autoconfigure.SpringBootDependencyInjectionTestExecutionListener@a7264e9, org.springframework.test.context.support.DirtiesContextTestExecutionListener@6ef3b8cf, org.springframework.test.context.event.EventPublishingTestExecutionListener@5a3d3455, org.springframework.boot.test.autoconfigure.restdocs.RestDocsTestExecutionListener@300713c6, org.springframework.boot.test.autoconfigure.web.client.MockRestServiceServerResetTestExecutionListener@294b6c03, org.springframework.boot.test.autoconfigure.web.servlet.MockMvcPrintOnlyOnFailureTestExecutionListener@5a8d9c25, org.springframework.boot.test.autoconfigure.web.servlet.WebDriverTestExecutionListener@69a184bd, org.springframework.boot.test.mock.mockito.ResetMocksTestExecutionListener@6130336c]
18:24:34.958 [Test worker] DEBUG org.springframework.test.context.support.AbstractDirtiesContextTestExecutionListener - Before test class: context [DefaultTestContext@46bd3556 testClass = ApplicationTests, testInstance = [null], testMethod = [null], testException = [null], mergedContextConfiguration = [WebMergedContextConfiguration@6b90b11f testClass = ApplicationTests, locations = '{}', classes = '{class com.springboot.SpringBootApplication.Application}', contextInitializerClasses = '[]', activeProfiles = '{}', propertySourceLocations = '{}', propertySourceProperties = '{org.springframework.boot.test.context.SpringBootTestContextBootstrapper=true}', contextCustomizers = set[org.springframework.boot.test.autoconfigure.properties.PropertyMappingContextCustomizer@0, org.springframework.boot.test.autoconfigure.web.servlet.WebDriverContextCustomizerFactory$Customizer@687e2352, org.springframework.boot.test.context.filter.ExcludeFilterContextCustomizer@51dd089a, org.springframework.boot.test.json.DuplicateJsonObjectContextCustomizerFactory$DuplicateJsonObjectContextCustomizer@5c48268b, org.springframework.boot.test.mock.mockito.MockitoContextCustomizer@0, org.springframework.boot.test.web.client.TestRestTemplateContextCustomizer@c2c1c7b, org.springframework.boot.test.context.SpringBootTestArgs@1], resourceBasePath = 'src/main/webapp', contextLoader = 'org.springframework.boot.test.context.SpringBootContextLoader', parent = [null]], attributes = map['org.springframework.test.context.web.ServletTestExecutionListener.activateListener' -> true]], class annotated with @DirtiesContext [false] with mode [null].
18:24:34.979 [Test worker] DEBUG org.springframework.test.context.support.TestPropertySourceUtils - Adding inlined properties to environment: {spring.jmx.enabled=false, org.springframework.boot.test.context.SpringBootTestContextBootstrapper=true, server.port=-1}

  .   ____          _            __ _ _
 /\\ / ___'_ __ _ _(_)_ __  __ _ \ \ \ \
( ( )\___ | '_ | '_| | '_ \/ _` | \ \ \ \
 \\/  ___)| |_)| | | | | || (_| |  ) ) ) )
  '  |____| .__|_| |_|_| |_\__, | / / / /
 =========|_|==============|___/=/_/_/_/
 :: Spring Boot ::        (v2.2.7.RELEASE)

2020-05-11 18:24:35.193  INFO 21322 --- [    Test worker] c.s.S.ApplicationTests                   : Starting ApplicationTests on given-Latitude-5490 with PID 21322 (started by given in /home/given/SpringBootPart1)
2020-05-11 18:24:35.196  INFO 21322 --- [    Test worker] c.s.S.ApplicationTests                   : No active profile set, falling back to default profiles: default
2020-05-11 18:24:36.116  INFO 21322 --- [    Test worker] o.s.s.concurrent.ThreadPoolTaskExecutor  : Initializing ExecutorService 'applicationTaskExecutor'
2020-05-11 18:24:36.332  INFO 21322 --- [    Test worker] c.s.S.ApplicationTests                   : Started ApplicationTests in 1.345 seconds (JVM running for 2.192)
Monica entered
Monica entered
hello Monica
]]></system-out>
  <system-err><![CDATA[]]></system-err>
</testsuite>
